error[E0261]: use of undeclared lifetime name `'a`
  --> tests/todo/roundtrip-tests.rs:69:21
   |
22 |             fn $fname(i: $rtype) -> $rtype {
   |             - - help: consider introducing lifetime `'a` here: `<'a>`
   |             |
   |             lifetime `'a` is missing in item created through this procedural macro
...
69 |         Vec<Option<&'a str>>,
   |                     ^^ undeclared lifetime

error[E0261]: use of undeclared lifetime name `'a`
  --> tests/todo/roundtrip-tests.rs:69:21
   |
21 |             #[pg_extern]
   |                         - lifetime `'a` is missing in item created through this procedural macro
...
69 |         Vec<Option<&'a str>>,
   |                     ^^ undeclared lifetime

error[E0261]: use of undeclared lifetime name `'a`
  --> tests/todo/roundtrip-tests.rs:69:21
   |
67 |         rt_array_refstr,
   |                        - help: consider introducing lifetime `'a` here: `<'a>`
68 |         test_rt_array_refstr,
69 |         Vec<Option<&'a str>>,
   |                     ^^ undeclared lifetime

error[E0261]: use of undeclared lifetime name `'a`
  --> tests/todo/roundtrip-tests.rs:69:21
   |
68 |         test_rt_array_refstr,
   |                             - help: consider introducing lifetime `'a` here: `<'a>`
69 |         Vec<Option<&'a str>>,
   |                     ^^ undeclared lifetime

error[E0277]: the trait bound `Vec<Option<&[u8]>>: FromDatum` is not satisfied
  --> tests/todo/roundtrip-tests.rs:55:9
   |
55 |         Vec<Option<&[u8]>>,
   |         ^^^^^^^^^^^^^^^^^^ the trait `FromDatum` is not implemented for `Vec<Option<&[u8]>>`
   |
   = help: the following other types implement trait `FromDatum`:
             Vec<u8>
             Vec<Option<T>>
             Vec<T>
note: required by a bound in `pg_getarg`
  --> $WORKSPACE/pgrx/src/fcinfo.rs
   |
   | pub unsafe fn pg_getarg<T: FromDatum>(fcinfo: pg_sys::FunctionCallInfo, num: usize) -> Option<T> {
   |                            ^^^^^^^^^ required by this bound in `pg_getarg`

error[E0277]: the trait bound `Vec<Option<&[u8]>>: FromDatum` is not satisfied
  --> tests/todo/roundtrip-tests.rs:36:38
   |
36 |                   let result: $rtype = Spi::get_one_with_args(
   |                                        ^^^^^^^^^^^^^^^^^^^^^^ the trait `FromDatum` is not implemented for `Vec<Option<&[u8]>>`
...
52 | /     roundtrip!(
53 | |         rt_array_bytea,
54 | |         test_rt_array_bytea,
55 | |         Vec<Option<&[u8]>>,
...  |
63 | |         ]
64 | |     );
   | |_____- in this macro invocation
   |
   = help: the following other types implement trait `FromDatum`:
             Vec<u8>
             Vec<Option<T>>
             Vec<T>
note: required by a bound in `pgrx::Spi::get_one_with_args`
  --> $WORKSPACE/pgrx/src/spi.rs
   |
   |     pub fn get_one_with_args<A: FromDatum + IntoDatum>(
   |                                 ^^^^^^^^^ required by this bound in `Spi::get_one_with_args`
   = note: this error originates in the macro `roundtrip_test` which comes from the expansion of the macro `roundtrip` (in Nightly builds, run with -Z macro-backtrace for more info)

error[E0277]: the trait bound `Vec<Option<&str>>: FromDatum` is not satisfied
  --> tests/todo/roundtrip-tests.rs:69:9
   |
69 |         Vec<Option<&'a str>>,
   |         ^^^^^^^^^^^^^^^^^^^^ the trait `FromDatum` is not implemented for `Vec<Option<&str>>`
   |
   = help: the following other types implement trait `FromDatum`:
             Vec<u8>
             Vec<Option<T>>
             Vec<T>
note: required by a bound in `pg_getarg`
  --> $WORKSPACE/pgrx/src/fcinfo.rs
   |
   | pub unsafe fn pg_getarg<T: FromDatum>(fcinfo: pg_sys::FunctionCallInfo, num: usize) -> Option<T> {
   |                            ^^^^^^^^^ required by this bound in `pg_getarg`

error[E0277]: the trait bound `Vec<Option<&str>>: FromDatum` is not satisfied
  --> tests/todo/roundtrip-tests.rs:36:38
   |
36 |                   let result: $rtype = Spi::get_one_with_args(
   |                                        ^^^^^^^^^^^^^^^^^^^^^^ the trait `FromDatum` is not implemented for `Vec<Option<&str>>`
...
66 | /     roundtrip!(
67 | |         rt_array_refstr,
68 | |         test_rt_array_refstr,
69 | |         Vec<Option<&'a str>>,
70 | |         vec![None, Some("foo"), Some("bar"), None, Some("baz"), None]
71 | |     );
   | |_____- in this macro invocation
   |
   = help: the following other types implement trait `FromDatum`:
             Vec<u8>
             Vec<Option<T>>
             Vec<T>
note: required by a bound in `pgrx::Spi::get_one_with_args`
  --> $WORKSPACE/pgrx/src/spi.rs
   |
   |     pub fn get_one_with_args<A: FromDatum + IntoDatum>(
   |                                 ^^^^^^^^^ required by this bound in `Spi::get_one_with_args`
   = note: this error originates in the macro `roundtrip_test` which comes from the expansion of the macro `roundtrip` (in Nightly builds, run with -Z macro-backtrace for more info)

error[E0277]: the trait bound `Vec<Option<&'static CStr>>: FromDatum` is not satisfied
  --> tests/todo/roundtrip-tests.rs:76:9
   |
76 |         Vec<Option<&'static CStr>>,
   |         ^^^^^^^^^^^^^^^^^^^^^^^^^^ the trait `FromDatum` is not implemented for `Vec<Option<&'static CStr>>`
   |
   = help: the following other types implement trait `FromDatum`:
             Vec<u8>
             Vec<Option<T>>
             Vec<T>
note: required by a bound in `pg_getarg`
  --> $WORKSPACE/pgrx/src/fcinfo.rs
   |
   | pub unsafe fn pg_getarg<T: FromDatum>(fcinfo: pg_sys::FunctionCallInfo, num: usize) -> Option<T> {
   |                            ^^^^^^^^^ required by this bound in `pg_getarg`

error[E0277]: the trait bound `Vec<Option<&CStr>>: FromDatum` is not satisfied
  --> tests/todo/roundtrip-tests.rs:36:38
   |
36 |                   let result: $rtype = Spi::get_one_with_args(
   |                                        ^^^^^^^^^^^^^^^^^^^^^^ the trait `FromDatum` is not implemented for `Vec<Option<&CStr>>`
...
73 | /     roundtrip!(
74 | |         rt_array_cstr,
75 | |         test_rt_array_cstr,
76 | |         Vec<Option<&'static CStr>>,
...  |
84 | |         ]
85 | |     );
   | |_____- in this macro invocation
   |
   = help: the following other types implement trait `FromDatum`:
             Vec<u8>
             Vec<Option<T>>
             Vec<T>
note: required by a bound in `pgrx::Spi::get_one_with_args`
  --> $WORKSPACE/pgrx/src/spi.rs
   |
   |     pub fn get_one_with_args<A: FromDatum + IntoDatum>(
   |                                 ^^^^^^^^^ required by this bound in `Spi::get_one_with_args`
   = note: this error originates in the macro `roundtrip_test` which comes from the expansion of the macro `roundtrip` (in Nightly builds, run with -Z macro-backtrace for more info)
